<?xml version="1.0" encoding="UTF-8"?>
<!-- Generated by org.testng.reporters.JUnitReportReporter -->
<testsuite skipped="0" hostname="LAPTOP-14LBNTKC" name="gitproject1.AutomationTest" tests="3" failures="0" timestamp="2022-03-08T15:44:25 IST" time="0.011" errors="0">
  <testcase name="appium" time="0.011" classname="gitproject1.AutomationTest"/>
  <system-out/>
  <testcase name="selenium" time="0.000" classname="gitproject1.AutomationTest"/>
  <system-out/>
  <testcase name="restAssured" time="0.000" classname="gitproject1.AutomationTest"/>
  <system-out/>
</testsuite> <!-- gitproject1.AutomationTest -->
